android/build/app/outputs/mapping/release/seeds.txt
com.vafgroup.attendancewithqr.MainActivity
com.vafgroup.attendancewithqr.MainActivity: MainActivity()
...
androidx.window.layout.WindowInfoTrackerImpl: androidx.window.layout.WindowBackend windowBackend
de.mintware.barcode_scan.Protos$Configuration: com.google.protobuf.Internal$IntList restrictFormat_
kotlinx.coroutines.internal.LockFreeLinkedListNode: java.lang.Object _removedRef
de.mintware.barcode_scan.Protos$Configuration: com.google.protobuf.Internal$ListAdapter$Converter restrictFormat_converter_
androidx.recyclerview.widget.StaggeredGridLayoutManager$SavedState: android.os.Parcelable$Creator CREATOR
androidx.recyclerview.widget.RecyclerView: androidx.recyclerview.widget.RecyclerView$OnFlingListener mOnFlingListener
io.flutter.plugin.editing.ImeSyncDeferringInsetsCallback: io.flutter.plugin.editing.ImeSyncDeferringInsetsCallback$InsetsListener insetsListener
androidx.window.layout.SidecarCompat: java.lang.String TAG
androidx.lifecycle.Lifecycle$Event: androidx.lifecycle.Lifecycle$Event ON_PAUSE
androidx.appcompat.app.AppCompatViewInflater: java.lang.Object[] mConstructorArgs
androidx.window.layout.WindowInfoTrackerImpl$windowLayoutInfo$1: java.lang.Object L$0
io.flutter.plugin.platform.SingleViewPresentation: io.flutter.plugin.platform.SingleViewPresentation$PresentationState state
androidx.window.embedding.ExtensionEmbeddingBackend: androidx.window.embedding.ExtensionEmbeddingBackend$EmbeddingCallbackImpl splitInfoEmbeddingCallback
androidx.recyclerview.widget.RecyclerView: android.widget.EdgeEffect mTopGlow
androidx.window.layout.SidecarCompat: androidx.window.layout.SidecarAdapter sidecarAdapter
androidx.window.embedding.SplitController: java.util.Set staticSplitRules
androidx.recyclerview.widget.RecyclerView: java.util.ArrayList mItemDecorations
androidx.lifecycle.Lifecycle$Event: androidx.lifecycle.Lifecycle$Event ON_DESTROY
androidx.window.R$styleable: int[] ActivityFilter
io.flutter.view.AccessibilityViewEmbedder: java.util.Map originToFlutterId
androidx.recyclerview.widget.RecyclerView: boolean mAdapterUpdateDuringMeasure
kotlinx.coroutines.channels.BufferedChannel: java.lang.Object closeHandler
androidx.recyclerview.widget.RecyclerView: android.graphics.Rect mTempRect
androidx.window.R$styleable: int ActivityFilter_activityName
com.google.android.material.textfield.TextInputLayout$SavedState: android.os.Parcelable$Creator CREATOR
com.google.protobuf.GeneratedMessageLite$ExtendableMessage: com.google.protobuf.FieldSet extensions
androidx.recyclerview.widget.RecyclerView: long NO_ID
io.flutter.embedding.engine.renderer.FlutterRenderer$ImageReaderSurfaceProducer: int numTrims
kotlinx.coroutines.channels.BufferedChannel: long receivers
com.google.android.gms.common.internal.zat: android.os.Parcelable$Creator CREATOR
androidx.window.layout.WindowInfoTrackerImpl$windowLayoutInfo$1: android.app.Activity $activity
androidx.recyclerview.widget.RecyclerView: int MAX_SCROLL_DURATION
androidx.recyclerview.widget.RecyclerView: androidx.recyclerview.widget.RecyclerView$State mState
androidx.window.embedding.SplitInfo: float splitRatio
androidx.window.R$styleable: int ActivityFilter_activityAction
de.mintware.barcode_scan.Protos$ScanResult: int RAWCONTENT_FIELD_NUMBER
androidx.window.layout.SidecarCompat$DistinctElementCallback: androidx.window.layout.ExtensionInterfaceCompat$ExtensionCallbackInterface callbackInterface
androidx.window.R$styleable: int SplitPlaceholderRule_splitMinWidth
androidx.recyclerview.widget.RecyclerView: boolean DEBUG
androidx.window.R$attr: int clearTop
com.google.android.gms.common.internal.zzk: android.os.Parcelable$Creator CREATOR
androidx.window.layout.HardwareFoldingFeature$Type: androidx.window.layout.HardwareFoldingFeature$Type FOLD
androidx.window.R$id: int ltr
com.google.android.gms.location.LocationSettingsResult: android.os.Parcelable$Creator CREATOR
androidx.recyclerview.widget.RecyclerView: boolean mPostedAnimatorRunner
androidx.window.core.Version: androidx.window.core.Version VERSION_1_0
com.google.android.gms.common.api.Status: android.os.Parcelable$Creator CREATOR