android/build/app/outputs/mapping/release/mapping.txt
# compiler: R8
# compiler_version: 3.3.70
# min_api: 21
# common_typos_disable
# {"id":"com.android.tools.r8.mapping","version":"2.0"}
# pg_map_id: 2d47ab0
# pg_map_hash: SHA-256 2d47ab04c5d828cb969c06d54b1055bebb4990841abd50363dc2d0fe8fa843c7
...
androidx.appcompat.widget.Toolbar -> androidx.appcompat.widget.Toolbar:
    java.lang.Runnable mShowOverflowMenuRunnable -> S
    java.lang.CharSequence mSubtitleText -> C
    androidx.appcompat.widget.ActionMenuPresenter mOuterActionMenuPresenter -> N
    androidx.appcompat.widget.ActionMenuView mMenuView -> e
    androidx.appcompat.view.menu.MenuBuilder$Callback mMenuBuilderCallback -> Q
    androidx.appcompat.widget.ActionMenuView$OnMenuItemClickListener mMenuViewItemClickListener -> L
    boolean mCollapsible -> R
    int mGravity -> A
    android.widget.ImageView mLogoView -> i
    android.view.View mExpandedActionView -> m
    android.content.res.ColorStateList mTitleTextColor -> D
    android.widget.ImageButton mCollapseButtonView -> l
    int mContentInsetStartWithNavigation -> y
    java.util.ArrayList mTempViews -> H
    android.widget.TextView mTitleTextView -> f
    android.widget.ImageButton mNavButtonView -> h
    int mTitleMarginBottom -> w
    boolean mEatingHover -> G
    int mTitleMarginEnd -> u
    int mMaxButtonHeight -> s
    int mSubtitleTextAppearance -> q
    androidx.appcompat.view.menu.MenuPresenter$Callback mActionMenuPresenterCallback -> P
    int mPopupTheme -> o
    androidx.appcompat.widget.ToolbarWidgetWrapper mWrapper -> M
    androidx.appcompat.widget.Toolbar$OnMenuItemClickListener mOnMenuItemClickListener -> K
    java.lang.CharSequence mTitleText -> B
    android.graphics.drawable.Drawable mCollapseIcon -> j
androidx.appcompat.widget.Toolbar$1 -> androidx.appcompat.widget.Toolbar$a:
    androidx.appcompat.widget.Toolbar this$0 -> a
androidx.appcompat.widget.Toolbar$2 -> androidx.appcompat.widget.Toolbar$b:
    androidx.appcompat.widget.Toolbar this$0 -> e
androidx.appcompat.widget.Toolbar$3 -> androidx.appcompat.widget.Toolbar$c:
    androidx.appcompat.widget.Toolbar this$0 -> e
androidx.appcompat.widget.Toolbar$ExpandedActionViewMenuPresenter -> androidx.appcompat.widget.Toolbar$d:
    androidx.appcompat.view.menu.MenuBuilder mMenu -> e
    androidx.appcompat.widget.Toolbar this$0 -> g
    androidx.appcompat.view.menu.MenuItemImpl mCurrentExpandedItem -> f
    void onCloseMenu(androidx.appcompat.view.menu.MenuBuilder,boolean) -> b
    void initForMenu(android.content.Context,androidx.appcompat.view.menu.MenuBuilder) -> d
    boolean onSubMenuSelected(androidx.appcompat.view.menu.SubMenuBuilder) -> e
    void updateMenuView(boolean) -> f
    boolean flagActionItems() -> g
    boolean collapseItemActionView(androidx.appcompat.view.menu.MenuBuilder,androidx.appcompat.view.menu.MenuItemImpl) -> i
    boolean expandItemActionView(androidx.appcompat.view.menu.MenuBuilder,androidx.appcompat.view.menu.MenuItemImpl) -> j
androidx.appcompat.widget.Toolbar$LayoutParams -> androidx.appcompat.widget.Toolbar$e:
    int mViewType -> b
    void copyMarginsFromCompat(android.view.ViewGroup$MarginLayoutParams) -> a
androidx.appcompat.widget.Toolbar$OnMenuItemClickListener -> androidx.appcompat.widget.Toolbar$f:
androidx.appcompat.widget.Toolbar$SavedState -> androidx.appcompat.widget.Toolbar$g:
    int expandedMenuItemId -> g
    boolean isOverflowOpen -> h
androidx.appcompat.widget.Toolbar$SavedState$1 -> androidx.appcompat.widget.Toolbar$g$a:
    androidx.appcompat.widget.Toolbar$SavedState createFromParcel(android.os.Parcel) -> a
    androidx.appcompat.widget.Toolbar$SavedState createFromParcel(android.os.Parcel,java.lang.ClassLoader) -> b
    androidx.appcompat.widget.Toolbar$SavedState[] newArray(int) -> c