android/build/app/outputs/mapping/release/usage.txt
com.vafgroup.attendancewithqr.BuildConfig
com.vafgroup.attendancewithqr.R$anim
com.vafgroup.attendancewithqr.R$animator
com.vafgroup.attendancewithqr.R$attr
com.vafgroup.attendancewithqr.R$bool
com.vafgroup.attendancewithqr.R$color
com.vafgroup.attendancewithqr.R$dimen
com.vafgroup.attendancewithqr.R$drawable
com.vafgroup.attendancewithqr.R$id
com.vafgroup.attendancewithqr.R$integer
com.vafgroup.attendancewithqr.R$interpolator
com.vafgroup.attendancewithqr.R$layout
com.vafgroup.attendancewithqr.R$mipmap
com.vafgroup.attendancewithqr.R$plurals
com.vafgroup.attendancewithqr.R$string
com.vafgroup.attendancewithqr.R$style
com.vafgroup.attendancewithqr.R$styleable
com.vafgroup.attendancewithqr.R$xml
com.vafgroup.attendancewithqr.R
...
kotlin.sequences.SequencesKt__SequenceBuilderKt$sequence$$inlined$Sequence$1
kotlin.sequences.SequencesKt__SequenceBuilderKt:
    private static final int State_Done
    private static final int State_Failed
    private static final int State_ManyNotReady
    private static final int State_ManyReady
    private static final int State_NotReady
    private static final int State_Ready
    public void <init>()
    public static final java.util.Iterator iterator(kotlin.jvm.functions.Function2)
    public static final kotlin.sequences.Sequence sequence(kotlin.jvm.functions.Function2)
kotlin.sequences.SequencesKt__SequencesJVMKt:
    public void <init>()
    private static final kotlin.sequences.Sequence asSequence(java.util.Enumeration)
kotlin.sequences.SequencesKt__SequencesKt$Sequence$1
kotlin.sequences.SequencesKt__SequencesKt$flatMapIndexed$1
kotlin.sequences.SequencesKt__SequencesKt$flatten$1
kotlin.sequences.SequencesKt__SequencesKt$flatten$2
kotlin.sequences.SequencesKt__SequencesKt$flatten$3
kotlin.sequences.SequencesKt__SequencesKt$generateSequence$1
kotlin.sequences.SequencesKt__SequencesKt$generateSequence$2
kotlin.sequences.SequencesKt__SequencesKt$ifEmpty$1
kotlin.sequences.SequencesKt__SequencesKt$shuffled$1
kotlin.sequences.SequencesKt__SequencesKt:
    public void <init>()
    private static final kotlin.sequences.Sequence Sequence(kotlin.jvm.functions.Function0)
    public static final kotlin.sequences.Sequence emptySequence()
    public static final kotlin.sequences.Sequence flatMapIndexed(kotlin.sequences.Sequence,kotlin.jvm.functions.Function2,kotlin.jvm.functions.Function1)
    public static final kotlin.sequences.Sequence flatten(kotlin.sequences.Sequence)
    private static final kotlin.sequences.Sequence flatten$SequencesKt__SequencesKt(kotlin.sequences.Sequence,kotlin.jvm.functions.Function1)
    public static final kotlin.sequences.Sequence flattenSequenceOfIterable(kotlin.sequences.Sequence)
    public static final kotlin.sequences.Sequence generateSequence(java.lang.Object,kotlin.jvm.functions.Function1)
    public static final kotlin.sequences.Sequence generateSequence(kotlin.jvm.functions.Function0)
    public static final kotlin.sequences.Sequence generateSequence(kotlin.jvm.functions.Function0,kotlin.jvm.functions.Function1)
    public static final kotlin.sequences.Sequence ifEmpty(kotlin.sequences.Sequence,kotlin.jvm.functions.Function0)
    private static final kotlin.sequences.Sequence orEmpty(kotlin.sequences.Sequence)
    public static final varargs kotlin.sequences.Sequence sequenceOf(java.lang.Object[])
    public static final kotlin.sequences.Sequence shuffled(kotlin.sequences.Sequence)
kotlin.sequences.SequencesKt___SequencesJvmKt$filterIsInstance$1